<?xml version="1.0" encoding="UTF-8"?>
<!-- Generated by org.testng.reporters.JUnitReportReporter -->
<testsuite hostname="yoganand" failures="0" tests="1" name="guru_module.guru_login" time="11.461" errors="0" timestamp="2022-06-20T12:56:07 IST" skipped="0">
  <testcase classname="guru_module.guru_login" name="propertiesReadingPattern" time="11.461"/>
  <system-out/>
</testsuite> <!-- guru_module.guru_login -->
